HSB_1_000	za to su sej chošća a łopaće sobu přinjesli
HSB_1_001	hip ma wulku kartu ze wšěmi zahrodami bliskich wsow před sobu ležo
HSB_1_002	štó pomha michałkec maćeri při warjenju
HSB_1_003	što ma zajac hip před sobu ležo
HSB_1_004	pola mechelic na dworje stejitaj konjej
HSB_1_005	z łubje a pincy nosy wón stólcy do jstwy
HSB_1_006	pola michałkec přihotuja so w samsnym času na wulku hosćinu
HSB_1_007	při tym jej dźowka lisa a michałkec wowka pomhatej
HSB_1_008	kotry z hólcow na mechelic dworje pojěcha na šumjelu
HSB_1_009	roman ma šumjela
HSB_1_010	chcedźa hosći mjenujcy ze serbskej kwasnej jědźu překwapić
HSB_1_011	nětko mjetu puć a chódnik
HSB_1_012	kelko hosći změja michałkec na jutrońčce
HSB_1_013	rano budu so potom wjesni křižerjo wosrjedź wsy hromadźić zo bychu zdypkom w dźewjećich wotjěchali
HSB_1_014	wona hižo jutrowny wobjed přihotuje
HSB_1_015	to dyrbimoj chětro zahe stawać wón mudrje praji
HSB_1_016	we wsy su wšitcy hižo na nohach
HSB_1_017	hdyž stej konjej wurjedźenej přehladataj hólcaj hišće grat sedło a šabraku zo njeby ničo falowało
HSB_1_018	kak swjećiš ty jutrowničku
HSB_1_019	wotmołw w sadźe na prašenja
HSB_1_020	tohodla dyrbi wšitko čiste być
HSB_1_021	tohodla dyrbi michałkec nan w bydlenskej stwě wulke blido natwarić
HSB_1_022	što česa swen swojemu konjej
HSB_1_023	wobornicy chcedźa městno dźensa porjadnje wurjedźić
HSB_1_024	što činja wobornicy na nawsy
HSB_1_025	kak na času wotjěchaja křižerjo ze wsy
HSB_1_026	lisa běli běrny a morcheje wowka pak přihotuje mjaso
HSB_1_027	ličitaj jutrowne jejka šokolodźane zajacy a dalše słódkosće
HSB_1_028	w lěsku za wsu sedźitaj jutrownej zajacaj hip a hop
HSB_1_029	swen česa swojemu brunačej hriwy
HSB_1_030	staj dospołnje do poslednich přihotow za jutrowničku zanurjenaj
HSB_1_031	za to dyrbitaj swojej konjej wězo porjadnje wurjedźić
HSB_1_032	mamy sobotu jutrownu sobotu
HSB_1_033	njebój so jeho zajac hop změruje hač dotal smój přeco wšěm dźěćom hač do schadźenja słónca něšto do hněžka połožiłoj
HSB_1_034	a hižo dataj so jutrownej zajacaj zaso do ličenja a planowanja
HSB_1_035	na nawsy steji wohnjowa wobora
HSB_1_036	bratraj swen a roman budźetaj jutře křižerjej
HSB_1_037	wón dyrbi konja porjadnje wurjedźić zo by so běły kožuch na jutrońčce prawje swěćił
HSB_1_038	na jutrownej njedźeli přijědu mjenujcy přiwuzni na wopyt
HSB_1_039	we wsy wočakuja jutry mjenujcy tójšto hosći
